mode: set
gobrax-api/infrastructure/handler/assign.go:12.42,20.16 3 1
gobrax-api/infrastructure/handler/assign.go:20.16,24.3 3 1
gobrax-api/infrastructure/handler/assign.go:26.2,27.16 2 1
gobrax-api/infrastructure/handler/assign.go:27.16,31.3 3 1
gobrax-api/infrastructure/handler/assign.go:33.2,35.16 2 1
gobrax-api/infrastructure/handler/assign.go:35.16,39.3 3 0
gobrax-api/infrastructure/handler/assign.go:41.2,41.25 1 1
gobrax-api/infrastructure/handler/handler.go:15.143,24.2 3 0
gobrax-api/infrastructure/handler/handler.go:24.2,30.3 5 0
gobrax-api/infrastructure/handler/handler.go:33.2,34.2 2 0
gobrax-api/infrastructure/handler/handler.go:34.2,40.3 5 0
gobrax-api/infrastructure/handler/handler.go:43.2,44.2 2 0
gobrax-api/infrastructure/handler/handler.go:44.2,46.3 1 0
gobrax-api/infrastructure/handler/handler.go:48.2,48.12 1 0
gobrax-api/infrastructure/handler/trucker.go:17.49,24.16 3 1
gobrax-api/infrastructure/handler/trucker.go:24.16,28.3 3 1
gobrax-api/infrastructure/handler/trucker.go:30.2,36.16 2 1
gobrax-api/infrastructure/handler/trucker.go:36.16,40.3 3 0
gobrax-api/infrastructure/handler/trucker.go:42.2,42.25 1 1
gobrax-api/infrastructure/handler/trucker.go:46.46,52.16 3 1
gobrax-api/infrastructure/handler/trucker.go:52.16,56.3 3 0
gobrax-api/infrastructure/handler/trucker.go:58.2,60.29 2 1
gobrax-api/infrastructure/handler/trucker.go:60.29,67.3 1 0
gobrax-api/infrastructure/handler/trucker.go:69.2,69.37 1 1
gobrax-api/infrastructure/handler/trucker.go:72.50,79.16 3 1
gobrax-api/infrastructure/handler/trucker.go:79.16,83.3 3 0
gobrax-api/infrastructure/handler/trucker.go:85.2,86.16 2 1
gobrax-api/infrastructure/handler/trucker.go:86.16,90.3 3 0
gobrax-api/infrastructure/handler/trucker.go:92.2,92.32 1 1
gobrax-api/infrastructure/handler/trucker.go:95.49,103.16 3 1
gobrax-api/infrastructure/handler/trucker.go:103.16,107.3 3 0
gobrax-api/infrastructure/handler/trucker.go:109.2,116.16 3 1
gobrax-api/infrastructure/handler/trucker.go:116.16,120.3 3 0
gobrax-api/infrastructure/handler/trucker.go:122.2,122.25 1 1
gobrax-api/infrastructure/handler/trucker.go:125.49,132.16 3 1
gobrax-api/infrastructure/handler/trucker.go:132.16,136.3 3 0
gobrax-api/infrastructure/handler/trucker.go:138.2,139.16 2 1
gobrax-api/infrastructure/handler/trucker.go:139.16,143.3 3 0
gobrax-api/infrastructure/handler/trucker.go:145.2,145.28 1 1
gobrax-api/infrastructure/handler/trucker.go:148.84,149.54 1 1
gobrax-api/infrastructure/handler/trucker.go:149.54,151.3 1 0
gobrax-api/infrastructure/handler/trucker.go:153.2,153.38 1 1
gobrax-api/infrastructure/handler/trucker.go:156.68,157.24 1 1
gobrax-api/infrastructure/handler/trucker.go:157.24,160.3 2 1
gobrax-api/infrastructure/handler/trucker.go:162.2,162.31 1 1
gobrax-api/infrastructure/handler/trucker.go:162.31,165.3 2 1
gobrax-api/infrastructure/handler/trucker.go:167.2,167.43 1 1
gobrax-api/infrastructure/handler/trucker.go:167.43,170.3 2 1
gobrax-api/infrastructure/handler/trucker.go:172.2,172.8 1 1
gobrax-api/infrastructure/handler/trucker.go:175.85,178.16 2 1
gobrax-api/infrastructure/handler/trucker.go:178.16,180.3 1 0
gobrax-api/infrastructure/handler/trucker.go:181.2,181.38 1 1
gobrax-api/infrastructure/handler/vehicle.go:15.49,24.16 3 1
gobrax-api/infrastructure/handler/vehicle.go:24.16,28.3 3 1
gobrax-api/infrastructure/handler/vehicle.go:30.2,38.16 2 1
gobrax-api/infrastructure/handler/vehicle.go:38.16,42.3 3 0
gobrax-api/infrastructure/handler/vehicle.go:44.2,44.25 1 1
gobrax-api/infrastructure/handler/vehicle.go:48.46,54.16 3 1
gobrax-api/infrastructure/handler/vehicle.go:54.16,58.3 3 0
gobrax-api/infrastructure/handler/vehicle.go:60.2,62.29 2 1
gobrax-api/infrastructure/handler/vehicle.go:62.29,71.3 1 0
gobrax-api/infrastructure/handler/vehicle.go:73.2,73.36 1 1
gobrax-api/infrastructure/handler/vehicle.go:76.50,83.16 3 1
gobrax-api/infrastructure/handler/vehicle.go:83.16,87.3 3 0
gobrax-api/infrastructure/handler/vehicle.go:89.2,90.16 2 1
gobrax-api/infrastructure/handler/vehicle.go:90.16,94.3 3 0
gobrax-api/infrastructure/handler/vehicle.go:96.2,105.36 2 1
gobrax-api/infrastructure/handler/vehicle.go:108.49,116.16 3 1
gobrax-api/infrastructure/handler/vehicle.go:116.16,120.3 3 0
gobrax-api/infrastructure/handler/vehicle.go:122.2,131.16 3 1
gobrax-api/infrastructure/handler/vehicle.go:131.16,135.3 3 0
gobrax-api/infrastructure/handler/vehicle.go:137.2,137.25 1 1
gobrax-api/infrastructure/handler/vehicle.go:140.49,147.16 3 1
gobrax-api/infrastructure/handler/vehicle.go:147.16,151.3 3 0
gobrax-api/infrastructure/handler/vehicle.go:153.2,154.16 2 1
gobrax-api/infrastructure/handler/vehicle.go:154.16,158.3 3 0
gobrax-api/infrastructure/handler/vehicle.go:160.2,160.28 1 1
gobrax-api/infrastructure/handler/vehicle.go:163.84,164.54 1 1
gobrax-api/infrastructure/handler/vehicle.go:164.54,166.3 1 0
gobrax-api/infrastructure/handler/vehicle.go:168.2,168.39 1 1
gobrax-api/infrastructure/handler/vehicle.go:171.69,172.24 1 1
gobrax-api/infrastructure/handler/vehicle.go:172.24,175.3 2 1
gobrax-api/infrastructure/handler/vehicle.go:177.2,177.25 1 1
gobrax-api/infrastructure/handler/vehicle.go:177.25,180.3 2 1
gobrax-api/infrastructure/handler/vehicle.go:182.2,182.25 1 1
gobrax-api/infrastructure/handler/vehicle.go:182.25,185.3 2 1
gobrax-api/infrastructure/handler/vehicle.go:187.2,187.23 1 1
gobrax-api/infrastructure/handler/vehicle.go:187.23,190.3 2 1
gobrax-api/infrastructure/handler/vehicle.go:192.2,192.25 1 1
gobrax-api/infrastructure/handler/vehicle.go:192.25,195.3 2 1
gobrax-api/infrastructure/handler/vehicle.go:197.2,197.8 1 1
